

发生时间：2022_12_07 09:37:27    System.Data.SqlClient.SqlException (0x80131904): 对象名 '用户管理' 无效。
   在 SqlSugar.AdoProvider.GetDataReader(String sql, SugarParameter[] parameters)
   在 SqlSugar.QueryableProvider`1.GetData[TResult](KeyValuePair`2 sqlObj)
   在 SqlSugar.QueryableProvider`1._ToList[TResult]()
   在 SqlSugar.QueryableProvider`1.ToList()
   在 SqlSugar.QueryableProvider`1.First()
   在 SqlSugar.QueryableProvider`1.First(Expression`1 expression)
   在 Test.登录.登录按钮_Click(Object sender, EventArgs e) 位置 C:\Users\2200214\Source\Repos\Microvast\ScreenDemo1\登录.cs:行号 102
   在 System.Windows.Forms.Control.OnClick(EventArgs e)
   在 Sunny.UI.UIButton.OnClick(EventArgs e)
   在 System.Windows.Forms.Control.WmMouseUp(Message& m, MouseButtons button, Int32 clicks)
   在 System.Windows.Forms.Control.WndProc(Message& m)
   在 System.Windows.Forms.Control.ControlNativeWindow.OnMessage(Message& m)
   在 System.Windows.Forms.Control.ControlNativeWindow.WndProc(Message& m)
   在 System.Windows.Forms.NativeWindow.Callback(IntPtr hWnd, Int32 msg, IntPtr wparam, IntPtr lparam)
ClientConnectionId:db20b05a-fd4a-4cae-a1e0-526f9af922e0
Error Number:208,State:1,Class:16


发生时间：2022_12_07 09:37:58    System.Data.SqlClient.SqlException (0x80131904): 对象名 '用户管理' 无效。
   在 SqlSugar.AdoProvider.GetDataReader(String sql, SugarParameter[] parameters)
   在 SqlSugar.QueryableProvider`1.GetData[TResult](KeyValuePair`2 sqlObj)
   在 SqlSugar.QueryableProvider`1._ToList[TResult]()
   在 SqlSugar.QueryableProvider`1.ToList()
   在 SqlSugar.QueryableProvider`1.First()
   在 SqlSugar.QueryableProvider`1.First(Expression`1 expression)
   在 Test.登录.登录按钮_Click(Object sender, EventArgs e) 位置 C:\Users\2200214\Source\Repos\Microvast\ScreenDemo1\登录.cs:行号 102
   在 System.Windows.Forms.Control.OnClick(EventArgs e)
   在 Sunny.UI.UIButton.OnClick(EventArgs e)
   在 System.Windows.Forms.Control.WmMouseUp(Message& m, MouseButtons button, Int32 clicks)
   在 System.Windows.Forms.Control.WndProc(Message& m)
   在 System.Windows.Forms.Control.ControlNativeWindow.OnMessage(Message& m)
   在 System.Windows.Forms.Control.ControlNativeWindow.WndProc(Message& m)
   在 System.Windows.Forms.NativeWindow.Callback(IntPtr hWnd, Int32 msg, IntPtr wparam, IntPtr lparam)
ClientConnectionId:7ba206a9-e34c-4ff4-b892-412d8feac046
Error Number:208,State:1,Class:16


发生时间：2022_12_07 09:38:45    System.Data.SqlClient.SqlException (0x80131904): 对象名 '用户管理' 无效。
   在 SqlSugar.AdoProvider.GetDataReader(String sql, SugarParameter[] parameters)
   在 SqlSugar.QueryableProvider`1.GetData[TResult](KeyValuePair`2 sqlObj)
   在 SqlSugar.QueryableProvider`1._ToList[TResult]()
   在 SqlSugar.QueryableProvider`1.ToList()
   在 SqlSugar.QueryableProvider`1.First()
   在 SqlSugar.QueryableProvider`1.First(Expression`1 expression)
   在 Test.登录.登录按钮_Click(Object sender, EventArgs e) 位置 C:\Users\2200214\Source\Repos\Microvast\ScreenDemo1\登录.cs:行号 102
   在 System.Windows.Forms.Control.OnClick(EventArgs e)
   在 Sunny.UI.UIButton.OnClick(EventArgs e)
   在 System.Windows.Forms.Control.WmMouseUp(Message& m, MouseButtons button, Int32 clicks)
   在 System.Windows.Forms.Control.WndProc(Message& m)
   在 System.Windows.Forms.Control.ControlNativeWindow.OnMessage(Message& m)
   在 System.Windows.Forms.Control.ControlNativeWindow.WndProc(Message& m)
   在 System.Windows.Forms.NativeWindow.Callback(IntPtr hWnd, Int32 msg, IntPtr wparam, IntPtr lparam)
ClientConnectionId:92722e53-8a56-4c00-9fd9-0be830eeb3d9
Error Number:208,State:1,Class:16


发生时间：2022_12_07 09:39:41    System.Data.SqlClient.SqlException (0x80131904): 对象名 '生产工单' 无效。
   在 SqlSugar.AdoProvider.GetDataReader(String sql, SugarParameter[] parameters)
   在 SqlSugar.QueryableProvider`1.GetData[TResult](KeyValuePair`2 sqlObj)
   在 SqlSugar.QueryableProvider`1._ToList[TResult]()
   在 SqlSugar.QueryableProvider`1.ToList()
   在 Microvast.Service.通用Service.加载工单(String aa) 位置 C:\Users\2200214\Source\Repos\Microvast\Microvast.Service\通用Service.cs:行号 32
   在 Test.NewFolder1.搅拌正极主界面.加载工单() 位置 C:\Users\2200214\Source\Repos\Microvast\ScreenDemo1\UserControl\主界面\搅拌正极主界面.cs:行号 641
   在 Test.NewFolder1.搅拌正极主界面..ctor() 位置 C:\Users\2200214\Source\Repos\Microvast\ScreenDemo1\UserControl\主界面\搅拌正极主界面.cs:行号 41
   在 ScreenDemo1.Form1..ctor() 位置 C:\Users\2200214\Source\Repos\Microvast\ScreenDemo1\Form1.cs:行号 32
   在 Test.登录.登录按钮_Click(Object sender, EventArgs e) 位置 C:\Users\2200214\Source\Repos\Microvast\ScreenDemo1\登录.cs:行号 119
   在 System.Windows.Forms.Control.OnClick(EventArgs e)
   在 Sunny.UI.UIButton.OnClick(EventArgs e)
   在 System.Windows.Forms.Control.WmMouseUp(Message& m, MouseButtons button, Int32 clicks)
   在 System.Windows.Forms.Control.WndProc(Message& m)
   在 System.Windows.Forms.Control.ControlNativeWindow.OnMessage(Message& m)
   在 System.Windows.Forms.Control.ControlNativeWindow.WndProc(Message& m)
   在 System.Windows.Forms.NativeWindow.Callback(IntPtr hWnd, Int32 msg, IntPtr wparam, IntPtr lparam)
ClientConnectionId:0b94b2ce-3a87-4bdc-b009-6ed2e3032128
Error Number:208,State:1,Class:16
